<?xml version="1.0" encoding="UTF-8" ?>
<testsuite failures="0" time="2.361" errors="2" skipped="0" tests="2" name="com.dbc.test.RunAllIntegrationTests">
  <properties>
    <property name="java.runtime.name" value="Java(TM) SE Runtime Environment"/>
    <property name="sun.boot.library.path" value="C:\dev\code\cit-tools\java\jdk1.6.0_24\jre\bin"/>
    <property name="java.vm.version" value="19.1-b02"/>
    <property name="java.vm.vendor" value="Sun Microsystems Inc."/>
    <property name="java.vendor.url" value="http://java.sun.com/"/>
    <property name="path.separator" value=";"/>
    <property name="java.vm.name" value="Java HotSpot(TM) Client VM"/>
    <property name="file.encoding.pkg" value="sun.io"/>
    <property name="user.country" value="GB"/>
    <property name="sun.java.launcher" value="SUN_STANDARD"/>
    <property name="sun.os.patch.level" value="Service Pack 3"/>
    <property name="java.vm.specification.name" value="Java Virtual Machine Specification"/>
    <property name="user.dir" value="C:\study\articles\designbycontract\examples\maven\spring-rest-annotations"/>
    <property name="java.runtime.version" value="1.6.0_24-b07"/>
    <property name="java.awt.graphicsenv" value="sun.awt.Win32GraphicsEnvironment"/>
    <property name="java.endorsed.dirs" value="C:\dev\code\cit-tools\java\jdk1.6.0_24\jre\lib\endorsed"/>
    <property name="os.arch" value="x86"/>
    <property name="java.io.tmpdir" value="C:\data\W370984\Temp\"/>
    <property name="line.separator" value="
"/>
    <property name="java.vm.specification.vendor" value="Sun Microsystems Inc."/>
    <property name="user.variant" value=""/>
    <property name="os.name" value="Windows XP"/>
    <property name="classworlds.conf" value="C:\dev\code\cit-tools\build\apache-maven-2.2.1\bin\m2.conf"/>
    <property name="sun.jnu.encoding" value="Cp1252"/>
    <property name="java.library.path" value="C:\dev\code\cit-tools\java\jdk1.6.0_24\bin;.;C:\WINDOWS\Sun\Java\bin;C:\WINDOWS\system32;C:\WINDOWS;C:\oraclexe\app\oracle\product\10.2.0\server\bin;C:\WINDOWS\system32;C:\WINDOWS;C:\WINDOWS\System32\Wbem;C:\Program Files\AdminTools\Resource Kit;C:\Program Files\RSA Security\RSA SecurID Software Token\;C:\Program Files\1E\SMSNomad\;C:\Program Files\Windows Imaging\;C:\Program Files\TortoiseSVN\bin;C:\Program Files\QuickTime\QTSystem\;C:\dev\code\cit-tools\visualization\gource;C:\dev\code\cit-tools\build\apache-maven-2.2.1\bin;C:\dev\code\cit-tools\java\jdk1.6.0_24\bin;C:\dev\tools\Subversion Client;C:\Program Files\CollabNet\Subversion Client;C:\Program Files\Java\jdk1.5.0_22\bin;C:\cygwin\bin;C:\dev\code\build-system-simplification-2\tools\apache-ant-1.8.2\bin"/>
    <property name="java.specification.name" value="Java Platform API Specification"/>
    <property name="java.class.version" value="50.0"/>
    <property name="sun.management.compiler" value="HotSpot Client Compiler"/>
    <property name="os.version" value="5.1"/>
    <property name="user.home" value="C:\Documents and Settings\w370984"/>
    <property name="user.timezone" value="Europe/London"/>
    <property name="java.awt.printerjob" value="sun.awt.windows.WPrinterJob"/>
    <property name="file.encoding" value="Cp1252"/>
    <property name="java.specification.version" value="1.6"/>
    <property name="user.name" value="W370984"/>
    <property name="java.class.path" value="C:\dev\code\cit-tools\build\apache-maven-2.2.1\boot\classworlds-1.1.jar"/>
    <property name="java.vm.specification.version" value="1.0"/>
    <property name="sun.arch.data.model" value="32"/>
    <property name="java.home" value="C:\dev\code\cit-tools\java\jdk1.6.0_24\jre"/>
    <property name="java.specification.vendor" value="Sun Microsystems Inc."/>
    <property name="user.language" value="en"/>
    <property name="awt.toolkit" value="sun.awt.windows.WToolkit"/>
    <property name="java.vm.info" value="mixed mode, sharing"/>
    <property name="java.version" value="1.6.0_24"/>
    <property name="java.ext.dirs" value="C:\dev\code\cit-tools\java\jdk1.6.0_24\jre\lib\ext;C:\WINDOWS\Sun\Java\lib\ext"/>
    <property name="sun.boot.class.path" value="C:\dev\code\cit-tools\java\jdk1.6.0_24\jre\lib\resources.jar;C:\dev\code\cit-tools\java\jdk1.6.0_24\jre\lib\rt.jar;C:\dev\code\cit-tools\java\jdk1.6.0_24\jre\lib\sunrsasign.jar;C:\dev\code\cit-tools\java\jdk1.6.0_24\jre\lib\jsse.jar;C:\dev\code\cit-tools\java\jdk1.6.0_24\jre\lib\jce.jar;C:\dev\code\cit-tools\java\jdk1.6.0_24\jre\lib\charsets.jar;C:\dev\code\cit-tools\java\jdk1.6.0_24\jre\lib\modules\jdk.boot.jar;C:\dev\code\cit-tools\java\jdk1.6.0_24\jre\classes"/>
    <property name="java.vendor" value="Sun Microsystems Inc."/>
    <property name="maven.home" value="C:\dev\code\cit-tools\build\apache-maven-2.2.1"/>
    <property name="file.separator" value="\"/>
    <property name="java.vendor.url.bug" value="http://java.sun.com/cgi-bin/bugreport.cgi"/>
    <property name="sun.cpu.endian" value="little"/>
    <property name="sun.io.unicode.encoding" value="UnicodeLittle"/>
    <property name="sun.desktop" value="windows"/>
    <property name="sun.cpu.isalist" value="pentium_pro+mmx pentium_pro pentium+mmx pentium i486 i386 i86"/>
  </properties>
  <testcase time="1.156" classname="com.dbc.test.TradeServiceIntegrationTest" name="testCreateTradeFromRestService">
    <error message="I/O error: Connection refused: connect; nested exception is java.net.ConnectException: Connection refused: connect" type="org.springframework.web.client.ResourceAccessException">org.springframework.web.client.ResourceAccessException: I/O error: Connection refused: connect; nested exception is java.net.ConnectException: Connection refused: connect
	at org.springframework.web.client.RestTemplate.doExecute(RestTemplate.java:453)
	at org.springframework.web.client.RestTemplate.execute(RestTemplate.java:401)
	at org.springframework.web.client.RestTemplate.getForObject(RestTemplate.java:199)
	at com.dbc.test.TradeServiceIntegrationTest.createTrade(TradeServiceIntegrationTest.java:48)
	at com.dbc.test.TradeServiceIntegrationTest.testCreateTradeFromRestService(TradeServiceIntegrationTest.java:21)
	at sun.reflect.NativeMethodAccessorImpl.invoke0(Native Method)
	at sun.reflect.NativeMethodAccessorImpl.invoke(NativeMethodAccessorImpl.java:39)
	at sun.reflect.DelegatingMethodAccessorImpl.invoke(DelegatingMethodAccessorImpl.java:25)
	at java.lang.reflect.Method.invoke(Method.java:597)
	at org.junit.runners.model.FrameworkMethod$1.runReflectiveCall(FrameworkMethod.java:45)
	at org.junit.internal.runners.model.ReflectiveCallable.run(ReflectiveCallable.java:15)
	at org.junit.runners.model.FrameworkMethod.invokeExplosively(FrameworkMethod.java:42)
	at org.junit.internal.runners.statements.InvokeMethod.evaluate(InvokeMethod.java:20)
	at org.junit.runners.ParentRunner.runLeaf(ParentRunner.java:263)
	at org.junit.runners.BlockJUnit4ClassRunner.runChild(BlockJUnit4ClassRunner.java:68)
	at org.junit.runners.BlockJUnit4ClassRunner.runChild(BlockJUnit4ClassRunner.java:47)
	at org.junit.runners.ParentRunner$3.run(ParentRunner.java:231)
	at org.junit.runners.ParentRunner$1.schedule(ParentRunner.java:60)
	at org.junit.runners.ParentRunner.runChildren(ParentRunner.java:229)
	at org.junit.runners.ParentRunner.access$000(ParentRunner.java:50)
	at org.junit.runners.ParentRunner$2.evaluate(ParentRunner.java:222)
	at org.junit.runners.ParentRunner.run(ParentRunner.java:300)
	at org.junit.runners.Suite.runChild(Suite.java:128)
	at org.junit.runners.Suite.runChild(Suite.java:24)
	at org.junit.runners.ParentRunner$3.run(ParentRunner.java:231)
	at org.junit.runners.ParentRunner$1.schedule(ParentRunner.java:60)
	at org.junit.runners.ParentRunner.runChildren(ParentRunner.java:229)
	at org.junit.runners.ParentRunner.access$000(ParentRunner.java:50)
	at org.junit.runners.ParentRunner$2.evaluate(ParentRunner.java:222)
	at org.junit.runners.ParentRunner.run(ParentRunner.java:300)
	at org.apache.maven.surefire.junit4.JUnit4TestSet.execute(JUnit4TestSet.java:53)
	at org.apache.maven.surefire.junit4.JUnit4Provider.executeTestSet(JUnit4Provider.java:123)
	at org.apache.maven.surefire.junit4.JUnit4Provider.invoke(JUnit4Provider.java:104)
	at sun.reflect.NativeMethodAccessorImpl.invoke0(Native Method)
	at sun.reflect.NativeMethodAccessorImpl.invoke(NativeMethodAccessorImpl.java:39)
	at sun.reflect.DelegatingMethodAccessorImpl.invoke(DelegatingMethodAccessorImpl.java:25)
	at java.lang.reflect.Method.invoke(Method.java:597)
	at org.apache.maven.surefire.util.ReflectionUtils.invokeMethodWithArray(ReflectionUtils.java:164)
	at org.apache.maven.surefire.booter.ProviderFactory$ProviderProxy.invoke(ProviderFactory.java:110)
	at org.apache.maven.surefire.booter.SurefireStarter.invokeProvider(SurefireStarter.java:172)
	at org.apache.maven.surefire.booter.SurefireStarter.runSuitesInProcessWhenForked(SurefireStarter.java:104)
	at org.apache.maven.surefire.booter.ForkedBooter.main(ForkedBooter.java:70)
Caused by: java.net.ConnectException: Connection refused: connect
	at java.net.PlainSocketImpl.socketConnect(Native Method)
	at java.net.PlainSocketImpl.doConnect(PlainSocketImpl.java:351)
	at java.net.PlainSocketImpl.connectToAddress(PlainSocketImpl.java:213)
	at java.net.PlainSocketImpl.connect(PlainSocketImpl.java:200)
	at java.net.SocksSocketImpl.connect(SocksSocketImpl.java:366)
	at java.net.Socket.connect(Socket.java:529)
	at java.net.Socket.connect(Socket.java:478)
	at sun.net.NetworkClient.doConnect(NetworkClient.java:163)
	at sun.net.www.http.HttpClient.openServer(HttpClient.java:394)
	at sun.net.www.http.HttpClient.openServer(HttpClient.java:529)
	at sun.net.www.http.HttpClient.&lt;init&gt;(HttpClient.java:233)
	at sun.net.www.http.HttpClient.New(HttpClient.java:306)
	at sun.net.www.http.HttpClient.New(HttpClient.java:323)
	at sun.net.www.protocol.http.HttpURLConnection.getNewHttpClient(HttpURLConnection.java:970)
	at sun.net.www.protocol.http.HttpURLConnection.plainConnect(HttpURLConnection.java:911)
	at sun.net.www.protocol.http.HttpURLConnection.connect(HttpURLConnection.java:836)
	at org.springframework.http.client.SimpleClientHttpRequest.executeInternal(SimpleClientHttpRequest.java:69)
	at org.springframework.http.client.AbstractClientHttpRequest.execute(AbstractClientHttpRequest.java:52)
	at org.springframework.web.client.RestTemplate.doExecute(RestTemplate.java:438)
	... 41 more
</error>
    <system-out>16:03:43,037 DEBUG - Found Directory [C:\study\articles\designbycontract\examples\maven\spring-rest-annotations\target\test-classes\com\dbc\example]
16:03:43,037 DEBUG - Found Directory [C:\study\articles\designbycontract\examples\maven\spring-rest-annotations\target\test-classes\com\dbc\example\tutorial]
16:03:43,037 DEBUG - Found File [class com.dbc.example.tutorial.TradeServiceUnitTest]
16:03:43,037 DEBUG - Found File [class com.dbc.example.tutorial.TradeServiceUnitTest2]
16:03:43,037 DEBUG - Found Directory [C:\study\articles\designbycontract\examples\maven\spring-rest-annotations\target\test-classes\com\dbc\test]
16:03:43,037 DEBUG - Found File [class com.dbc.test.ClasspathClassesFinderTest]
16:03:43,037 DEBUG - Found File [class com.dbc.test.RunAllIntegrationTests]
16:03:43,037 DEBUG - Found File [class com.dbc.test.RunAllUnitTests]
16:03:43,037 DEBUG - Found File [class com.dbc.test.TradeServiceIntegrationTest]
16:03:43,037 DEBUG - Found Directory [C:\study\articles\designbycontract\examples\maven\spring-rest-annotations\target\classes\com\dbc\model]
16:03:43,037 DEBUG - Found File [class com.dbc.model.Trade]
16:03:43,037 DEBUG - Found Directory [C:\study\articles\designbycontract\examples\maven\spring-rest-annotations\target\classes\com\dbc\repository]
16:03:43,053 DEBUG - Found File [class com.dbc.repository.HibernateTradeRepository]
16:03:43,053 DEBUG - Found File [interface com.dbc.repository.TradeRepository]
16:03:43,053 DEBUG - Found Directory [C:\study\articles\designbycontract\examples\maven\spring-rest-annotations\target\classes\com\dbc\service]
16:03:43,053 DEBUG - Found File [class com.dbc.service.SimpleTradeService]
16:03:43,053 DEBUG - Found File [interface com.dbc.service.TradeService]
16:03:43,053 DEBUG - Found Directory [C:\study\articles\designbycontract\examples\maven\spring-rest-annotations\target\classes\com\dbc\test]
16:03:43,053 DEBUG - Found File [class com.dbc.test.ClasspathClassesFinder]
16:03:43,053 DEBUG - Found File [interface com.dbc.test.IntegrationTest]
16:03:43,053 DEBUG - Found File [class com.dbc.test.IntegrationTestSuite]
16:03:43,053 DEBUG - Found File [interface com.dbc.test.UnitTest]
16:03:43,053 DEBUG - Found File [class com.dbc.test.UnitTestSuite]
16:03:43,053 DEBUG - Found Directory [C:\study\articles\designbycontract\examples\maven\spring-rest-annotations\target\classes\com\dbc\web]
16:03:43,053 DEBUG - Found File [class com.dbc.web.TradeController]
16:03:43,053 DEBUG - Found File [class com.dbc.example.tutorial.TradeServiceUnitTest]
16:03:43,053 DEBUG - Annotation [interface org.junit.runner.RunWith]
16:03:43,053 DEBUG - Annotation [interface org.junit.runner.RunWith]
16:03:43,053 DEBUG - Found File [class com.dbc.example.tutorial.TradeServiceUnitTest2]
16:03:43,069 DEBUG - Annotation [interface org.junit.runner.RunWith]
16:03:43,069 DEBUG - Annotation [interface org.junit.runner.RunWith]
16:03:43,069 DEBUG - Found File [class com.dbc.test.ClasspathClassesFinderTest]
16:03:43,069 DEBUG - Found File [class com.dbc.test.RunAllIntegrationTests]
16:03:43,069 DEBUG - Annotation [interface org.junit.runner.RunWith]
16:03:43,069 DEBUG - Annotation [interface org.junit.runner.RunWith]
16:03:43,069 DEBUG - Found File [class com.dbc.test.RunAllUnitTests]
16:03:43,069 DEBUG - Annotation [interface org.junit.runner.RunWith]
16:03:43,069 DEBUG - Annotation [interface org.junit.runner.RunWith]
16:03:43,069 DEBUG - Found File [class com.dbc.test.TradeServiceIntegrationTest]
16:03:43,069 DEBUG - Annotation [interface org.junit.experimental.categories.Category]
16:03:43,069 DEBUG - Annotation [interface com.dbc.test.UnitTest]
16:03:43,069 DEBUG - Annotation [interface org.junit.experimental.categories.Category]
16:03:43,069 DEBUG - Annotation [interface com.dbc.test.UnitTest]
16:03:43,069 DEBUG - Adding Class [class com.dbc.test.TradeServiceIntegrationTest]
16:03:43,069 DEBUG - Found File [class com.dbc.model.Trade]
16:03:43,069 DEBUG - Annotation [interface javax.persistence.Entity]
16:03:43,069 DEBUG - Annotation [interface com.thoughtworks.xstream.annotations.XStreamAlias]
16:03:43,069 DEBUG - Annotation [interface com.thoughtworks.xstream.annotations.XStreamAlias]
16:03:43,069 DEBUG - Annotation [interface javax.persistence.Entity]
16:03:43,069 DEBUG - Found File [class com.dbc.repository.HibernateTradeRepository]
16:03:43,069 DEBUG - Found File [interface com.dbc.repository.TradeRepository]
16:03:43,069 DEBUG - Found File [class com.dbc.service.SimpleTradeService]
16:03:43,084 DEBUG - Annotation [interface org.springframework.stereotype.Service]
16:03:43,084 DEBUG - Annotation [interface org.springframework.stereotype.Service]
16:03:43,084 DEBUG - Found File [interface com.dbc.service.TradeService]
16:03:43,084 DEBUG - Found File [class com.dbc.test.ClasspathClassesFinder]
16:03:43,084 DEBUG - Found File [interface com.dbc.test.IntegrationTest]
16:03:43,084 DEBUG - Found File [class com.dbc.test.IntegrationTestSuite]
16:03:43,084 DEBUG - Found File [interface com.dbc.test.UnitTest]
16:03:43,084 DEBUG - Annotation [interface java.lang.annotation.Retention]
16:03:43,084 DEBUG - Annotation [interface java.lang.annotation.Retention]
16:03:43,084 DEBUG - Found File [class com.dbc.test.UnitTestSuite]
16:03:43,084 DEBUG - Found File [class com.dbc.web.TradeController]
16:03:43,084 DEBUG - Annotation [interface org.springframework.stereotype.Controller]
16:03:43,084 DEBUG - Annotation [interface org.springframework.stereotype.Controller]
</system-out>
  </testcase>
  <testcase time="1.001" classname="com.dbc.test.TradeServiceIntegrationTest" name="testGetTradeFromRestService">
    <error message="I/O error: Connection refused: connect; nested exception is java.net.ConnectException: Connection refused: connect" type="org.springframework.web.client.ResourceAccessException">org.springframework.web.client.ResourceAccessException: I/O error: Connection refused: connect; nested exception is java.net.ConnectException: Connection refused: connect
	at org.springframework.web.client.RestTemplate.doExecute(RestTemplate.java:453)
	at org.springframework.web.client.RestTemplate.execute(RestTemplate.java:401)
	at org.springframework.web.client.RestTemplate.getForObject(RestTemplate.java:199)
	at com.dbc.test.TradeServiceIntegrationTest.createTrade(TradeServiceIntegrationTest.java:48)
	at com.dbc.test.TradeServiceIntegrationTest.testGetTradeFromRestService(TradeServiceIntegrationTest.java:29)
	at sun.reflect.NativeMethodAccessorImpl.invoke0(Native Method)
	at sun.reflect.NativeMethodAccessorImpl.invoke(NativeMethodAccessorImpl.java:39)
	at sun.reflect.DelegatingMethodAccessorImpl.invoke(DelegatingMethodAccessorImpl.java:25)
	at java.lang.reflect.Method.invoke(Method.java:597)
	at org.junit.runners.model.FrameworkMethod$1.runReflectiveCall(FrameworkMethod.java:45)
	at org.junit.internal.runners.model.ReflectiveCallable.run(ReflectiveCallable.java:15)
	at org.junit.runners.model.FrameworkMethod.invokeExplosively(FrameworkMethod.java:42)
	at org.junit.internal.runners.statements.InvokeMethod.evaluate(InvokeMethod.java:20)
	at org.junit.runners.ParentRunner.runLeaf(ParentRunner.java:263)
	at org.junit.runners.BlockJUnit4ClassRunner.runChild(BlockJUnit4ClassRunner.java:68)
	at org.junit.runners.BlockJUnit4ClassRunner.runChild(BlockJUnit4ClassRunner.java:47)
	at org.junit.runners.ParentRunner$3.run(ParentRunner.java:231)
	at org.junit.runners.ParentRunner$1.schedule(ParentRunner.java:60)
	at org.junit.runners.ParentRunner.runChildren(ParentRunner.java:229)
	at org.junit.runners.ParentRunner.access$000(ParentRunner.java:50)
	at org.junit.runners.ParentRunner$2.evaluate(ParentRunner.java:222)
	at org.junit.runners.ParentRunner.run(ParentRunner.java:300)
	at org.junit.runners.Suite.runChild(Suite.java:128)
	at org.junit.runners.Suite.runChild(Suite.java:24)
	at org.junit.runners.ParentRunner$3.run(ParentRunner.java:231)
	at org.junit.runners.ParentRunner$1.schedule(ParentRunner.java:60)
	at org.junit.runners.ParentRunner.runChildren(ParentRunner.java:229)
	at org.junit.runners.ParentRunner.access$000(ParentRunner.java:50)
	at org.junit.runners.ParentRunner$2.evaluate(ParentRunner.java:222)
	at org.junit.runners.ParentRunner.run(ParentRunner.java:300)
	at org.apache.maven.surefire.junit4.JUnit4TestSet.execute(JUnit4TestSet.java:53)
	at org.apache.maven.surefire.junit4.JUnit4Provider.executeTestSet(JUnit4Provider.java:123)
	at org.apache.maven.surefire.junit4.JUnit4Provider.invoke(JUnit4Provider.java:104)
	at sun.reflect.NativeMethodAccessorImpl.invoke0(Native Method)
	at sun.reflect.NativeMethodAccessorImpl.invoke(NativeMethodAccessorImpl.java:39)
	at sun.reflect.DelegatingMethodAccessorImpl.invoke(DelegatingMethodAccessorImpl.java:25)
	at java.lang.reflect.Method.invoke(Method.java:597)
	at org.apache.maven.surefire.util.ReflectionUtils.invokeMethodWithArray(ReflectionUtils.java:164)
	at org.apache.maven.surefire.booter.ProviderFactory$ProviderProxy.invoke(ProviderFactory.java:110)
	at org.apache.maven.surefire.booter.SurefireStarter.invokeProvider(SurefireStarter.java:172)
	at org.apache.maven.surefire.booter.SurefireStarter.runSuitesInProcessWhenForked(SurefireStarter.java:104)
	at org.apache.maven.surefire.booter.ForkedBooter.main(ForkedBooter.java:70)
Caused by: java.net.ConnectException: Connection refused: connect
	at java.net.PlainSocketImpl.socketConnect(Native Method)
	at java.net.PlainSocketImpl.doConnect(PlainSocketImpl.java:351)
	at java.net.PlainSocketImpl.connectToAddress(PlainSocketImpl.java:213)
	at java.net.PlainSocketImpl.connect(PlainSocketImpl.java:200)
	at java.net.SocksSocketImpl.connect(SocksSocketImpl.java:366)
	at java.net.Socket.connect(Socket.java:529)
	at java.net.Socket.connect(Socket.java:478)
	at sun.net.NetworkClient.doConnect(NetworkClient.java:163)
	at sun.net.www.http.HttpClient.openServer(HttpClient.java:394)
	at sun.net.www.http.HttpClient.openServer(HttpClient.java:529)
	at sun.net.www.http.HttpClient.&lt;init&gt;(HttpClient.java:233)
	at sun.net.www.http.HttpClient.New(HttpClient.java:306)
	at sun.net.www.http.HttpClient.New(HttpClient.java:323)
	at sun.net.www.protocol.http.HttpURLConnection.getNewHttpClient(HttpURLConnection.java:970)
	at sun.net.www.protocol.http.HttpURLConnection.plainConnect(HttpURLConnection.java:911)
	at sun.net.www.protocol.http.HttpURLConnection.connect(HttpURLConnection.java:836)
	at org.springframework.http.client.SimpleClientHttpRequest.executeInternal(SimpleClientHttpRequest.java:69)
	at org.springframework.http.client.AbstractClientHttpRequest.execute(AbstractClientHttpRequest.java:52)
	at org.springframework.web.client.RestTemplate.doExecute(RestTemplate.java:438)
	... 41 more
</error>
  </testcase>
</testsuite>