<?xml version="1.0" encoding="UTF-8" ?>
<testsuite failures="0" time="0.079" errors="0" skipped="0" tests="1" name="com.dbc.example.MockTest">
  <properties>
    <property name="java.runtime.name" value="Java(TM) SE Runtime Environment"/>
    <property name="sun.boot.library.path" value="C:\dev\code\cit-tools\java\jdk1.6.0_24\jre\bin"/>
    <property name="java.vm.version" value="19.1-b02"/>
    <property name="java.vm.vendor" value="Sun Microsystems Inc."/>
    <property name="java.vendor.url" value="http://java.sun.com/"/>
    <property name="path.separator" value=";"/>
    <property name="java.vm.name" value="Java HotSpot(TM) Client VM"/>
    <property name="file.encoding.pkg" value="sun.io"/>
    <property name="user.country" value="GB"/>
    <property name="sun.java.launcher" value="SUN_STANDARD"/>
    <property name="sun.os.patch.level" value="Service Pack 3"/>
    <property name="java.vm.specification.name" value="Java Virtual Machine Specification"/>
    <property name="user.dir" value="C:\johndobie\blogs\code\trunk\examples\testing\test-doubles"/>
    <property name="java.runtime.version" value="1.6.0_24-b07"/>
    <property name="java.awt.graphicsenv" value="sun.awt.Win32GraphicsEnvironment"/>
    <property name="basedir" value="C:\johndobie\blogs\code\trunk\examples\testing\test-doubles"/>
    <property name="java.endorsed.dirs" value="C:\dev\code\cit-tools\java\jdk1.6.0_24\jre\lib\endorsed"/>
    <property name="os.arch" value="x86"/>
    <property name="surefire.real.class.path" value="C:\johndobie\blogs\code\trunk\examples\testing\test-doubles\target\surefire\surefirebooter2964623582095715496.jar;C:\Documents and Settings\w370984\.m2\repository\org\jacoco\org.jacoco.agent\0.5.5.201112152213\org.jacoco.agent-0.5.5.201112152213-runtime.jar"/>
    <property name="java.io.tmpdir" value="C:\data\W370984\Temp\"/>
    <property name="line.separator" value="
"/>
    <property name="java.vm.specification.vendor" value="Sun Microsystems Inc."/>
    <property name="user.variant" value=""/>
    <property name="os.name" value="Windows XP"/>
    <property name="sun.jnu.encoding" value="Cp1252"/>
    <property name="java.library.path" value="C:\dev\code\cit-tools\java\jdk1.6.0_24\jre\bin;.;C:\WINDOWS\Sun\Java\bin;C:\WINDOWS\system32;C:\WINDOWS;C:\oraclexe\app\oracle\product\10.2.0\server\bin;C:\WINDOWS\system32;C:\WINDOWS;C:\WINDOWS\System32\Wbem;C:\Program Files\AdminTools\Resource Kit;C:\Program Files\RSA Security\RSA SecurID Software Token\;C:\Program Files\1E\SMSNomad\;C:\Program Files\Windows Imaging\;C:\Program Files\TortoiseSVN\bin;C:\Program Files\QuickTime\QTSystem\;C:\dev\code\cit-tools\visualization\gource;C:\dev\tools\apache-maven-3.0.3\bin;C:\dev\code\cit-tools\java\jdk1.6.0_24\bin;C:\dev\tools\Subversion Client;C:\Program Files\CollabNet\Subversion Client;C:\Program Files\Java\jdk1.5.0_22\bin;C:\cygwin\bin;C:\dev\code\build-system-simplification-2\tools\apache-ant-1.8.2\bin;C:\dev\code\cit-tools\messaging\qpid\bin"/>
    <property name="surefire.test.class.path" value="C:\johndobie\blogs\code\trunk\examples\testing\test-doubles\target\test-classes;C:\johndobie\blogs\code\trunk\examples\testing\test-doubles\target\classes;C:\Documents and Settings\w370984\.m2\repository\junit\junit\4.10\junit-4.10.jar;C:\Documents and Settings\w370984\.m2\repository\org\hamcrest\hamcrest-core\1.1\hamcrest-core-1.1.jar;C:\Documents and Settings\w370984\.m2\repository\org\mockito\mockito-all\1.9.0-rc1\mockito-all-1.9.0-rc1.jar;"/>
    <property name="java.specification.name" value="Java Platform API Specification"/>
    <property name="java.class.version" value="50.0"/>
    <property name="sun.management.compiler" value="HotSpot Client Compiler"/>
    <property name="os.version" value="5.1"/>
    <property name="user.home" value="C:\Documents and Settings\w370984"/>
    <property name="user.timezone" value=""/>
    <property name="java.awt.printerjob" value="sun.awt.windows.WPrinterJob"/>
    <property name="java.specification.version" value="1.6"/>
    <property name="file.encoding" value="Cp1252"/>
    <property name="user.name" value="W370984"/>
    <property name="java.class.path" value="C:\johndobie\blogs\code\trunk\examples\testing\test-doubles\target\test-classes;C:\johndobie\blogs\code\trunk\examples\testing\test-doubles\target\classes;C:\Documents and Settings\w370984\.m2\repository\junit\junit\4.10\junit-4.10.jar;C:\Documents and Settings\w370984\.m2\repository\org\hamcrest\hamcrest-core\1.1\hamcrest-core-1.1.jar;C:\Documents and Settings\w370984\.m2\repository\org\mockito\mockito-all\1.9.0-rc1\mockito-all-1.9.0-rc1.jar;"/>
    <property name="java.vm.specification.version" value="1.0"/>
    <property name="sun.arch.data.model" value="32"/>
    <property name="java.home" value="C:\dev\code\cit-tools\java\jdk1.6.0_24\jre"/>
    <property name="java.specification.vendor" value="Sun Microsystems Inc."/>
    <property name="user.language" value="en"/>
    <property name="awt.toolkit" value="sun.awt.windows.WToolkit"/>
    <property name="java.vm.info" value="mixed mode, sharing"/>
    <property name="java.version" value="1.6.0_24"/>
    <property name="java.ext.dirs" value="C:\dev\code\cit-tools\java\jdk1.6.0_24\jre\lib\ext;C:\WINDOWS\Sun\Java\lib\ext"/>
    <property name="sun.boot.class.path" value="C:\dev\code\cit-tools\java\jdk1.6.0_24\jre\lib\resources.jar;C:\dev\code\cit-tools\java\jdk1.6.0_24\jre\lib\rt.jar;C:\dev\code\cit-tools\java\jdk1.6.0_24\jre\lib\sunrsasign.jar;C:\dev\code\cit-tools\java\jdk1.6.0_24\jre\lib\jsse.jar;C:\dev\code\cit-tools\java\jdk1.6.0_24\jre\lib\jce.jar;C:\dev\code\cit-tools\java\jdk1.6.0_24\jre\lib\charsets.jar;C:\dev\code\cit-tools\java\jdk1.6.0_24\jre\lib\modules\jdk.boot.jar;C:\dev\code\cit-tools\java\jdk1.6.0_24\jre\classes"/>
    <property name="java.vendor" value="Sun Microsystems Inc."/>
    <property name="localRepository" value="C:\Documents and Settings\w370984\.m2\repository"/>
    <property name="file.separator" value="\"/>
    <property name="java.vendor.url.bug" value="http://java.sun.com/cgi-bin/bugreport.cgi"/>
    <property name="sun.cpu.endian" value="little"/>
    <property name="sun.io.unicode.encoding" value="UnicodeLittle"/>
    <property name="sun.desktop" value="windows"/>
    <property name="sun.cpu.isalist" value="pentium_pro+mmx pentium_pro pentium+mmx pentium i486 i386 i86"/>
  </properties>
  <testcase time="0.032" classname="com.dbc.example.MockTest" name="testAuditLogEntryMadeForNewTrade"/>
</testsuite>